*** Starting uWSGI 2.0.26 (64bit) on [Mon Aug 26 19:31:01 2024] ***
compiled with version: OpenBSD Clang 16.0.6 on 26 August 2024 19:17:13
os: OpenBSD-7.5 GENERIC.MP#82
nodename: deltatimepiecesllc.com
machine: amd64
clock source: unix
pcre jit disabled
detected number of CPU cores: 1
current working directory: /var/www
writing pidfile to /var/www/django/uwsgi.pid
detected binary path: /var/www/django/env/bin/uwsgi
chdir() to /var/www/django
your processes number limit is 1310
your memory page size is 4096 bytes
detected max file descriptor number: 128
lock engine: ipcsem
thunder lock: disabled (you can enable it with --thunder-lock)
uwsgi socket 0 bound to TCP address 127.0.0.1:3031 fd 3
Python version: 3.10.14 (main, Apr 13 2024, 11:52:53) [Clang 16.0.6 ]
PEP 405 virtualenv detected: /var/www/django/env
Set PythonHome to /var/www/django/env
*** Python threads support is disabled. You can enable it with --enable-threads ***
Python main interpreter initialized at 0x439da7dcc80
your server socket listen backlog is limited to 100 connections
your mercy for graceful operations on workers is 60 seconds
mapped 145824 bytes (142 KB) for 1 cores
*** Operational MODE: single process ***
ModuleNotFoundError: No module named 'myproject'
unable to load app 0 (mountpoint='') (callable not found or import error)
*** no app loaded. going in full dynamic mode ***
*** uWSGI is running in multiple interpreter mode ***
spawned uWSGI master process (pid: 46121)
spawned uWSGI worker 1 (pid: 92342, cores: 1)
SIGINT/SIGTERM received...killing workers...
worker 1 buried after 0 seconds
goodbye to uWSGI.
VACUUM: pidfile removed.
*** Starting uWSGI 2.0.26 (64bit) on [Mon Aug 26 19:33:20 2024] ***
compiled with version: OpenBSD Clang 16.0.6 on 26 August 2024 19:17:13
os: OpenBSD-7.5 GENERIC.MP#82
nodename: deltatimepiecesllc.com
machine: amd64
clock source: unix
pcre jit disabled
detected number of CPU cores: 1
current working directory: /var/www
writing pidfile to /var/www/django/uwsgi.pid
detected binary path: /var/www/django/env/bin/uwsgi
chdir() to /var/www/django
your processes number limit is 1310
your memory page size is 4096 bytes
detected max file descriptor number: 128
lock engine: ipcsem
thunder lock: disabled (you can enable it with --thunder-lock)
uwsgi socket 0 bound to TCP address 127.0.0.1:3031 fd 3
Python version: 3.10.14 (main, Apr 13 2024, 11:52:53) [Clang 16.0.6 ]
PEP 405 virtualenv detected: /var/www/django/env
Set PythonHome to /var/www/django/env
*** Python threads support is disabled. You can enable it with --enable-threads ***
Python main interpreter initialized at 0x78befc5dc0
your server socket listen backlog is limited to 100 connections
your mercy for graceful operations on workers is 60 seconds
mapped 145824 bytes (142 KB) for 1 cores
*** Operational MODE: single process ***
WSGI app 0 (mountpoint='') ready in 1 seconds on interpreter 0x78befc5dc0 pid: 58828 (default app)
*** uWSGI is running in multiple interpreter mode ***
spawned uWSGI master process (pid: 58828)
spawned uWSGI worker 1 (pid: 33792, cores: 1)
Invalid HTTP_HOST header: 'www.deltatimepiecesllc.com'. You may need to add 'www.deltatimepiecesllc.com' to ALLOWED_HOSTS.
Traceback (most recent call last):
  File "/var/www/django/env/lib/python3.10/site-packages/django/core/handlers/exception.py", line 55, in inner
    response = get_response(request)
  File "/var/www/django/env/lib/python3.10/site-packages/django/utils/deprecation.py", line 128, in __call__
    response = self.process_request(request)
  File "/var/www/django/env/lib/python3.10/site-packages/django/middleware/common.py", line 48, in process_request
    host = request.get_host()
  File "/var/www/django/env/lib/python3.10/site-packages/django/http/request.py", line 151, in get_host
    raise DisallowedHost(msg)
django.core.exceptions.DisallowedHost: Invalid HTTP_HOST header: 'www.deltatimepiecesllc.com'. You may need to add 'www.deltatimepiecesllc.com' to ALLOWED_HOSTS.
Bad Request: /
[pid: 33792|app: 0|req: 1/1] 173.218.143.154 () {64 vars in 1144 bytes} [Mon Aug 26 19:33:22 2024] GET / => generated 59196 bytes in 137 msecs (HTTP/1.1 400) 4 headers in 171 bytes (2 switches on core 0)
